Started GET "/" for ::1 at 2019-12-10 22:28:41 +0200
Processing by ApplicationController#hello as HTML
  Rendering html template
  Rendered html template (0.1ms)
Completed 200 OK in 94ms (Views: 81.3ms | ActiveRecord: 0.0ms)


Started GET "/home" for ::1 at 2019-12-10 22:29:22 +0200
  
ActionController::RoutingError (No route matches [GET] "/home"):
  
actionpack (5.2.4) lib/action_dispatch/middleware/debug_exceptions.rb:65:in `call'
web-console (3.7.0) lib/web_console/middleware.rb:135:in `call_app'
web-console (3.7.0) lib/web_console/middleware.rb:30:in `block in call'
web-console (3.7.0) lib/web_console/middleware.rb:20:in `catch'
web-console (3.7.0) lib/web_console/middleware.rb:20:in `call'
actionpack (5.2.4) lib/action_dispatch/middleware/show_exceptions.rb:33:in `call'
railties (5.2.4) lib/rails/rack/logger.rb:38:in `call_app'
railties (5.2.4) lib/rails/rack/logger.rb:26:in `block in call'
activesupport (5.2.4) lib/active_support/tagged_logging.rb:71:in `block in tagged'
activesupport (5.2.4) lib/active_support/tagged_logging.rb:28:in `tagged'
activesupport (5.2.4) lib/active_support/tagged_logging.rb:71:in `tagged'
railties (5.2.4) lib/rails/rack/logger.rb:26:in `call'
sprockets-rails (3.2.1) lib/sprockets/rails/quiet_assets.rb:13:in `call'
actionpack (5.2.4) lib/action_dispatch/middleware/remote_ip.rb:81:in `call'
actionpack (5.2.4) lib/action_dispatch/middleware/request_id.rb:27:in `call'
rack (2.0.7) lib/rack/method_override.rb:22:in `call'
rack (2.0.7) lib/rack/runtime.rb:22:in `call'
activesupport (5.2.4) lib/active_support/cache/strategy/local_cache_middleware.rb:29:in `call'
actionpack (5.2.4) lib/action_dispatch/middleware/executor.rb:14:in `call'
actionpack (5.2.4) lib/action_dispatch/middleware/static.rb:127:in `call'
rack (2.0.7) lib/rack/sendfile.rb:111:in `call'
railties (5.2.4) lib/rails/engine.rb:524:in `call'
puma (3.12.2) lib/puma/configuration.rb:227:in `call'
puma (3.12.2) lib/puma/server.rb:674:in `handle_request'
puma (3.12.2) lib/puma/server.rb:476:in `process_client'
puma (3.12.2) lib/puma/server.rb:334:in `block in run'
puma (3.12.2) lib/puma/thread_pool.rb:135:in `block in spawn_thread'
Started GET "/help" for ::1 at 2019-12-10 22:30:36 +0200
  
ActionController::RoutingError (No route matches [GET] "/help"):
  
actionpack (5.2.4) lib/action_dispatch/middleware/debug_exceptions.rb:65:in `call'
web-console (3.7.0) lib/web_console/middleware.rb:135:in `call_app'
web-console (3.7.0) lib/web_console/middleware.rb:30:in `block in call'
web-console (3.7.0) lib/web_console/middleware.rb:20:in `catch'
web-console (3.7.0) lib/web_console/middleware.rb:20:in `call'
actionpack (5.2.4) lib/action_dispatch/middleware/show_exceptions.rb:33:in `call'
railties (5.2.4) lib/rails/rack/logger.rb:38:in `call_app'
railties (5.2.4) lib/rails/rack/logger.rb:26:in `block in call'
activesupport (5.2.4) lib/active_support/tagged_logging.rb:71:in `block in tagged'
activesupport (5.2.4) lib/active_support/tagged_logging.rb:28:in `tagged'
activesupport (5.2.4) lib/active_support/tagged_logging.rb:71:in `tagged'
railties (5.2.4) lib/rails/rack/logger.rb:26:in `call'
sprockets-rails (3.2.1) lib/sprockets/rails/quiet_assets.rb:13:in `call'
actionpack (5.2.4) lib/action_dispatch/middleware/remote_ip.rb:81:in `call'
actionpack (5.2.4) lib/action_dispatch/middleware/request_id.rb:27:in `call'
rack (2.0.7) lib/rack/method_override.rb:22:in `call'
rack (2.0.7) lib/rack/runtime.rb:22:in `call'
activesupport (5.2.4) lib/active_support/cache/strategy/local_cache_middleware.rb:29:in `call'
actionpack (5.2.4) lib/action_dispatch/middleware/executor.rb:14:in `call'
actionpack (5.2.4) lib/action_dispatch/middleware/static.rb:127:in `call'
rack (2.0.7) lib/rack/sendfile.rb:111:in `call'
railties (5.2.4) lib/rails/engine.rb:524:in `call'
puma (3.12.2) lib/puma/configuration.rb:227:in `call'
puma (3.12.2) lib/puma/server.rb:674:in `handle_request'
puma (3.12.2) lib/puma/server.rb:476:in `process_client'
puma (3.12.2) lib/puma/server.rb:334:in `block in run'
puma (3.12.2) lib/puma/thread_pool.rb:135:in `block in spawn_thread'
Started GET "/" for ::1 at 2019-12-11 14:41:02 +0200
Processing by ApplicationController#hello as HTML
  Rendering html template
  Rendered html template (0.0ms)
Completed 200 OK in 15ms (Views: 3.0ms | ActiveRecord: 0.0ms)


Started GET "/home" for ::1 at 2019-12-11 14:42:27 +0200
  
ActionController::RoutingError (No route matches [GET] "/home"):
  
actionpack (5.2.4) lib/action_dispatch/middleware/debug_exceptions.rb:65:in `call'
web-console (3.7.0) lib/web_console/middleware.rb:135:in `call_app'
web-console (3.7.0) lib/web_console/middleware.rb:30:in `block in call'
web-console (3.7.0) lib/web_console/middleware.rb:20:in `catch'
web-console (3.7.0) lib/web_console/middleware.rb:20:in `call'
actionpack (5.2.4) lib/action_dispatch/middleware/show_exceptions.rb:33:in `call'
railties (5.2.4) lib/rails/rack/logger.rb:38:in `call_app'
railties (5.2.4) lib/rails/rack/logger.rb:26:in `block in call'
activesupport (5.2.4) lib/active_support/tagged_logging.rb:71:in `block in tagged'
activesupport (5.2.4) lib/active_support/tagged_logging.rb:28:in `tagged'
activesupport (5.2.4) lib/active_support/tagged_logging.rb:71:in `tagged'
railties (5.2.4) lib/rails/rack/logger.rb:26:in `call'
sprockets-rails (3.2.1) lib/sprockets/rails/quiet_assets.rb:13:in `call'
actionpack (5.2.4) lib/action_dispatch/middleware/remote_ip.rb:81:in `call'
actionpack (5.2.4) lib/action_dispatch/middleware/request_id.rb:27:in `call'
rack (2.0.7) lib/rack/method_override.rb:22:in `call'
rack (2.0.7) lib/rack/runtime.rb:22:in `call'
activesupport (5.2.4) lib/active_support/cache/strategy/local_cache_middleware.rb:29:in `call'
actionpack (5.2.4) lib/action_dispatch/middleware/executor.rb:14:in `call'
actionpack (5.2.4) lib/action_dispatch/middleware/static.rb:127:in `call'
rack (2.0.7) lib/rack/sendfile.rb:111:in `call'
railties (5.2.4) lib/rails/engine.rb:524:in `call'
puma (3.12.2) lib/puma/configuration.rb:227:in `call'
puma (3.12.2) lib/puma/server.rb:674:in `handle_request'
puma (3.12.2) lib/puma/server.rb:476:in `process_client'
puma (3.12.2) lib/puma/server.rb:334:in `block in run'
puma (3.12.2) lib/puma/thread_pool.rb:135:in `block in spawn_thread'
Started GET "/" for ::1 at 2019-12-11 14:55:32 +0200
Processing by ApplicationController#hello as HTML
  Rendering html template
  Rendered html template (0.0ms)
Completed 200 OK in 1ms (Views: 0.7ms | ActiveRecord: 0.0ms)


Started GET "/static_pages/home" for ::1 at 2019-12-11 14:55:34 +0200
Processing by StaticPagesController#home as HTML
  Rendering static_pages/home.html.erb within layouts/application
  Rendered static_pages/home.html.erb within layouts/application (1.0ms)
Completed 200 OK in 6223ms (Views: 6156.0ms | ActiveRecord: 0.0ms)


Started GET "/" for ::1 at 2019-12-11 17:54:07 +0200
Processing by StaticPagesController#home as HTML
  Rendering static_pages/home.html.erb
  Rendered static_pages/home.html.erb (0.5ms)
Completed 200 OK in 29ms (Views: 2.6ms | ActiveRecord: 0.0ms)


Started GET "/articles" for ::1 at 2019-12-14 00:45:33 +0200
  
ActionController::RoutingError (No route matches [GET] "/articles"):
  
actionpack (5.2.4) lib/action_dispatch/middleware/debug_exceptions.rb:65:in `call'
web-console (3.7.0) lib/web_console/middleware.rb:135:in `call_app'
web-console (3.7.0) lib/web_console/middleware.rb:30:in `block in call'
web-console (3.7.0) lib/web_console/middleware.rb:20:in `catch'
web-console (3.7.0) lib/web_console/middleware.rb:20:in `call'
actionpack (5.2.4) lib/action_dispatch/middleware/show_exceptions.rb:33:in `call'
railties (5.2.4) lib/rails/rack/logger.rb:38:in `call_app'
railties (5.2.4) lib/rails/rack/logger.rb:26:in `block in call'
activesupport (5.2.4) lib/active_support/tagged_logging.rb:71:in `block in tagged'
activesupport (5.2.4) lib/active_support/tagged_logging.rb:28:in `tagged'
activesupport (5.2.4) lib/active_support/tagged_logging.rb:71:in `tagged'
railties (5.2.4) lib/rails/rack/logger.rb:26:in `call'
sprockets-rails (3.2.1) lib/sprockets/rails/quiet_assets.rb:13:in `call'
actionpack (5.2.4) lib/action_dispatch/middleware/remote_ip.rb:81:in `call'
actionpack (5.2.4) lib/action_dispatch/middleware/request_id.rb:27:in `call'
rack (2.0.7) lib/rack/method_override.rb:22:in `call'
rack (2.0.7) lib/rack/runtime.rb:22:in `call'
activesupport (5.2.4) lib/active_support/cache/strategy/local_cache_middleware.rb:29:in `call'
actionpack (5.2.4) lib/action_dispatch/middleware/executor.rb:14:in `call'
actionpack (5.2.4) lib/action_dispatch/middleware/static.rb:127:in `call'
rack (2.0.7) lib/rack/sendfile.rb:111:in `call'
railties (5.2.4) lib/rails/engine.rb:524:in `call'
puma (3.12.2) lib/puma/configuration.rb:227:in `call'
puma (3.12.2) lib/puma/server.rb:674:in `handle_request'
puma (3.12.2) lib/puma/server.rb:476:in `process_client'
puma (3.12.2) lib/puma/server.rb:334:in `block in run'
puma (3.12.2) lib/puma/thread_pool.rb:135:in `block in spawn_thread'
Started GET "/" for ::1 at 2019-12-14 00:45:39 +0200
Processing by StaticPagesController#home as HTML
  Rendering static_pages/home.html.erb within layouts/application
Started GET "/" for ::1 at 2019-12-14 00:45:43 +0200
Processing by StaticPagesController#home as HTML
  Rendering static_pages/home.html.erb within layouts/application
  Rendered static_pages/home.html.erb within layouts/application (9454.6ms)
  Rendered static_pages/home.html.erb within layouts/application (5532.3ms)
Completed 200 OK in 5877ms (Views: 5873.5ms | ActiveRecord: 0.0ms)


Completed 200 OK in 9784ms (Views: 9782.0ms | ActiveRecord: 0.0ms)


Started GET "/" for ::1 at 2019-12-14 00:47:38 +0200
Processing by StaticPagesController#home as HTML
  Rendering static_pages/home.html.erb within layouts/application
  Rendered static_pages/home.html.erb within layouts/application (4.0ms)
Completed 200 OK in 3006ms (Views: 3003.3ms | ActiveRecord: 0.0ms)


Started GET "/" for ::1 at 2019-12-14 00:52:38 +0200
Processing by StaticPagesController#home as HTML
  Rendering static_pages/home.html.erb within layouts/application
  Rendered static_pages/home.html.erb within layouts/application (4.4ms)
Completed 200 OK in 1982ms (Views: 1978.1ms | ActiveRecord: 0.0ms)


Started GET "/" for ::1 at 2019-12-15 21:23:21 +0200
Processing by StaticPagesController#home as HTML
  Rendering static_pages/home.html.erb within layouts/application
  Rendered static_pages/home.html.erb within layouts/application (6083.1ms)
Completed 200 OK in 6825ms (Views: 6682.4ms | ActiveRecord: 0.0ms)


Started GET "/" for ::1 at 2019-12-15 21:23:44 +0200
Processing by StaticPagesController#home as HTML
  Rendering static_pages/home.html.erb within layouts/application
  Rendered static_pages/home.html.erb within layouts/application (5.6ms)
Completed 200 OK in 121ms (Views: 55.9ms | ActiveRecord: 0.0ms)


Started GET "/" for ::1 at 2019-12-15 21:33:33 +0200
Processing by StaticPagesController#home as HTML
  Rendering static_pages/home.html.erb within layouts/application
  Rendered static_pages/home.html.erb within layouts/application (95.3ms)
Completed 500 Internal Server Error in 2016ms (ActiveRecord: 0.0ms)


  
ActionView::Template::Error (Missing partial static_pages/_header, application/_header with {:locale=>[:en], :formats=>[:html], :variants=>[], :handlers=>[:raw, :erb, :html, :builder, :ruby, :coffee, :jbuilder]}. Searched in:
  * "/home/tresor/sample_app/app/views"
):
    12:     <![endif]-->
    13:   </head>
    14:   <body>
    15:     <%=render 'header'%>
    16:     <div class="container">
    17:       <%= yield %>
    18:     </div>
  
app/views/layouts/application.html.erb:15:in `_app_views_layouts_application_html_erb___4271636037000460343_70230761320560'
Started GET "/" for ::1 at 2019-12-15 21:34:33 +0200
Processing by StaticPagesController#home as HTML
  Rendering static_pages/home.html.erb within layouts/application
  Rendered static_pages/home.html.erb within layouts/application (3.3ms)
  Rendered layouts/_header.html.erb (0.9ms)
Completed 200 OK in 68ms (Views: 64.5ms | ActiveRecord: 0.0ms)


Started GET "/" for ::1 at 2019-12-15 21:40:47 +0200
Processing by StaticPagesController#home as HTML
  Rendering static_pages/home.html.erb within layouts/application
  Rendered static_pages/home.html.erb within layouts/application (52.5ms)
  Rendered layouts/_header.html.erb (3.3ms)
  Rendered layouts/_footer.html.erb (0.9ms)
Completed 200 OK in 1487ms (Views: 1460.4ms | ActiveRecord: 0.0ms)


Started GET "/" for ::1 at 2019-12-15 21:42:25 +0200
Processing by StaticPagesController#home as HTML
  Rendering static_pages/home.html.erb within layouts/application
  Rendered static_pages/home.html.erb within layouts/application (2.9ms)
  Rendered layouts/_header.html.erb (1.3ms)
  Rendered layouts/_footer.html.erb (0.7ms)
Completed 200 OK in 4855ms (Views: 4853.4ms | ActiveRecord: 0.0ms)


Started GET "/" for 127.0.0.1 at 2019-12-16 09:15:36 +0200
Processing by StaticPagesController#home as HTML
  Rendering static_pages/home.html.erb within layouts/application
  Rendered static_pages/home.html.erb within layouts/application (246.3ms)
  Rendered layouts/_header.html.erb (2.1ms)
  Rendered layouts/_footer.html.erb (1.2ms)
Completed 200 OK in 1086ms (Views: 961.0ms | ActiveRecord: 0.0ms)


Started GET "/" for 127.0.0.1 at 2019-12-16 09:18:02 +0200
Processing by StaticPagesController#home as HTML
  Rendering static_pages/home.html.erb within layouts/application
  Rendered static_pages/home.html.erb within layouts/application (3.9ms)
  Rendered layouts/_header.html.erb (0.9ms)
  Rendered layouts/_footer.html.erb (2.2ms)
Completed 200 OK in 996ms (Views: 994.3ms | ActiveRecord: 0.0ms)


Started GET "/about" for 127.0.0.1 at 2019-12-16 10:05:43 +0200
  
ActionController::RoutingError (No route matches [GET] "/about"):
  
actionpack (5.2.4) lib/action_dispatch/middleware/debug_exceptions.rb:65:in `call'
web-console (3.7.0) lib/web_console/middleware.rb:135:in `call_app'
web-console (3.7.0) lib/web_console/middleware.rb:30:in `block in call'
web-console (3.7.0) lib/web_console/middleware.rb:20:in `catch'
web-console (3.7.0) lib/web_console/middleware.rb:20:in `call'
actionpack (5.2.4) lib/action_dispatch/middleware/show_exceptions.rb:33:in `call'
railties (5.2.4) lib/rails/rack/logger.rb:38:in `call_app'
railties (5.2.4) lib/rails/rack/logger.rb:26:in `block in call'
activesupport (5.2.4) lib/active_support/tagged_logging.rb:71:in `block in tagged'
activesupport (5.2.4) lib/active_support/tagged_logging.rb:28:in `tagged'
activesupport (5.2.4) lib/active_support/tagged_logging.rb:71:in `tagged'
railties (5.2.4) lib/rails/rack/logger.rb:26:in `call'
sprockets-rails (3.2.1) lib/sprockets/rails/quiet_assets.rb:13:in `call'
actionpack (5.2.4) lib/action_dispatch/middleware/remote_ip.rb:81:in `call'
actionpack (5.2.4) lib/action_dispatch/middleware/request_id.rb:27:in `call'
rack (2.0.7) lib/rack/method_override.rb:22:in `call'
rack (2.0.7) lib/rack/runtime.rb:22:in `call'
activesupport (5.2.4) lib/active_support/cache/strategy/local_cache_middleware.rb:29:in `call'
actionpack (5.2.4) lib/action_dispatch/middleware/executor.rb:14:in `call'
actionpack (5.2.4) lib/action_dispatch/middleware/static.rb:127:in `call'
rack (2.0.7) lib/rack/sendfile.rb:111:in `call'
railties (5.2.4) lib/rails/engine.rb:524:in `call'
puma (3.12.2) lib/puma/configuration.rb:227:in `call'
puma (3.12.2) lib/puma/server.rb:674:in `handle_request'
puma (3.12.2) lib/puma/server.rb:476:in `process_client'
puma (3.12.2) lib/puma/server.rb:334:in `block in run'
puma (3.12.2) lib/puma/thread_pool.rb:135:in `block in spawn_thread'
Started GET "/about" for 127.0.0.1 at 2019-12-16 11:48:33 +0200
Processing by StaticPagesController#about as HTML
  Rendering static_pages/about.html.erb within layouts/application
  Rendered static_pages/about.html.erb within layouts/application (0.8ms)
  Rendered layouts/_header.html.erb (0.6ms)
  Rendered layouts/_footer.html.erb (0.3ms)
Completed 200 OK in 827ms (Views: 802.8ms | ActiveRecord: 0.0ms)


Started GET "/" for 127.0.0.1 at 2019-12-25 10:10:40 +0200
Processing by StaticPagesController#home as HTML
  Rendering static_pages/home.html.erb within layouts/application
  Rendered static_pages/home.html.erb within layouts/application (9110.1ms)
  Rendered layouts/_header.html.erb (0.6ms)
  Rendered layouts/_footer.html.erb (0.6ms)
Completed 200 OK in 10015ms (Views: 9573.9ms | ActiveRecord: 0.0ms)


Started GET "/" for 127.0.0.1 at 2019-12-25 10:33:55 +0200
Processing by StaticPagesController#home as HTML
  Rendering static_pages/home.html.erb within layouts/application
  Rendered static_pages/home.html.erb within layouts/application (2.2ms)
  Rendered layouts/_header.html.erb (2.1ms)
  Rendered layouts/_footer.html.erb (1.0ms)
Completed 200 OK in 1213ms (Views: 1211.6ms | ActiveRecord: 0.0ms)


Started GET "/?id=logo" for 127.0.0.1 at 2019-12-25 10:33:59 +0200
Processing by StaticPagesController#home as HTML
  Parameters: {"id"=>"logo"}
  Rendering static_pages/home.html.erb within layouts/application
  Rendered static_pages/home.html.erb within layouts/application (2.3ms)
  Rendered layouts/_header.html.erb (1.1ms)
  Rendered layouts/_footer.html.erb (0.8ms)
Completed 200 OK in 51ms (Views: 49.5ms | ActiveRecord: 0.0ms)


Started GET "/?id=logo" for 127.0.0.1 at 2019-12-25 10:34:04 +0200
Processing by StaticPagesController#home as HTML
  Parameters: {"id"=>"logo"}
  Rendering static_pages/home.html.erb within layouts/application
  Rendered static_pages/home.html.erb within layouts/application (3.6ms)
  Rendered layouts/_header.html.erb (0.9ms)
  Rendered layouts/_footer.html.erb (0.5ms)
Completed 200 OK in 48ms (Views: 46.7ms | ActiveRecord: 0.0ms)


Started GET "/" for 127.0.0.1 at 2019-12-25 10:34:06 +0200
Processing by StaticPagesController#home as HTML
  Rendering static_pages/home.html.erb within layouts/application
  Rendered static_pages/home.html.erb within layouts/application (2.7ms)
  Rendered layouts/_header.html.erb (1.3ms)
  Rendered layouts/_footer.html.erb (0.5ms)
Completed 200 OK in 94ms (Views: 92.3ms | ActiveRecord: 0.0ms)


Started GET "/" for 127.0.0.1 at 2019-12-25 10:34:07 +0200
Processing by StaticPagesController#home as HTML
  Rendering static_pages/home.html.erb within layouts/application
  Rendered static_pages/home.html.erb within layouts/application (3.8ms)
  Rendered layouts/_header.html.erb (1.6ms)
  Rendered layouts/_footer.html.erb (0.6ms)
Completed 200 OK in 62ms (Views: 60.3ms | ActiveRecord: 0.0ms)


Started GET "/" for 127.0.0.1 at 2019-12-25 10:34:08 +0200
Processing by StaticPagesController#home as HTML
  Rendering static_pages/home.html.erb within layouts/application
  Rendered static_pages/home.html.erb within layouts/application (2.6ms)
  Rendered layouts/_header.html.erb (1.0ms)
  Rendered layouts/_footer.html.erb (0.6ms)
Completed 200 OK in 58ms (Views: 56.2ms | ActiveRecord: 0.0ms)


Started GET "/help" for 127.0.0.1 at 2019-12-25 10:34:09 +0200
Processing by StaticPagesController#help as HTML
  Rendering static_pages/help.html.erb within layouts/application
  Rendered static_pages/help.html.erb within layouts/application (0.7ms)
  Rendered layouts/_header.html.erb (0.9ms)
  Rendered layouts/_footer.html.erb (0.7ms)
Completed 200 OK in 53ms (Views: 52.2ms | ActiveRecord: 0.0ms)


Started GET "/contact" for 127.0.0.1 at 2019-12-25 10:34:12 +0200
Processing by StaticPagesController#contact as HTML
  Rendering static_pages/contact.html.erb within layouts/application
  Rendered static_pages/contact.html.erb within layouts/application (0.6ms)
  Rendered layouts/_header.html.erb (1.9ms)
  Rendered layouts/_footer.html.erb (0.5ms)
Completed 200 OK in 57ms (Views: 55.1ms | ActiveRecord: 0.0ms)


Started GET "/login" for 127.0.0.1 at 2019-12-25 10:34:16 +0200
  
AbstractController::ActionNotFound (The action 'login' could not be found for StaticPagesController):
  
actionpack (5.2.4) lib/abstract_controller/base.rb:129:in `process'
actionview (5.2.4) lib/action_view/rendering.rb:32:in `process'
actionpack (5.2.4) lib/action_controller/metal.rb:191:in `dispatch'
actionpack (5.2.4) lib/action_controller/metal.rb:252:in `dispatch'
actionpack (5.2.4) lib/action_dispatch/routing/route_set.rb:52:in `dispatch'
actionpack (5.2.4) lib/action_dispatch/routing/route_set.rb:34:in `serve'
actionpack (5.2.4) lib/action_dispatch/journey/router.rb:52:in `block in serve'
actionpack (5.2.4) lib/action_dispatch/journey/router.rb:35:in `each'
actionpack (5.2.4) lib/action_dispatch/journey/router.rb:35:in `serve'
actionpack (5.2.4) lib/action_dispatch/routing/route_set.rb:840:in `call'
rack (2.0.7) lib/rack/tempfile_reaper.rb:15:in `call'
rack (2.0.7) lib/rack/etag.rb:25:in `call'
rack (2.0.7) lib/rack/conditional_get.rb:25:in `call'
rack (2.0.7) lib/rack/head.rb:12:in `call'
actionpack (5.2.4) lib/action_dispatch/http/content_security_policy.rb:18:in `call'
rack (2.0.7) lib/rack/session/abstract/id.rb:232:in `context'
rack (2.0.7) lib/rack/session/abstract/id.rb:226:in `call'
actionpack (5.2.4) lib/action_dispatch/middleware/cookies.rb:670:in `call'
activerecord (5.2.4) lib/active_record/migration.rb:559:in `call'
actionpack (5.2.4) lib/action_dispatch/middleware/callbacks.rb:28:in `block in call'
activesupport (5.2.4) lib/active_support/callbacks.rb:98:in `run_callbacks'
actionpack (5.2.4) lib/action_dispatch/middleware/callbacks.rb:26:in `call'
actionpack (5.2.4) lib/action_dispatch/middleware/executor.rb:14:in `call'
actionpack (5.2.4) lib/action_dispatch/middleware/debug_exceptions.rb:61:in `call'
web-console (3.7.0) lib/web_console/middleware.rb:135:in `call_app'
web-console (3.7.0) lib/web_console/middleware.rb:30:in `block in call'
web-console (3.7.0) lib/web_console/middleware.rb:20:in `catch'
web-console (3.7.0) lib/web_console/middleware.rb:20:in `call'
actionpack (5.2.4) lib/action_dispatch/middleware/show_exceptions.rb:33:in `call'
railties (5.2.4) lib/rails/rack/logger.rb:38:in `call_app'
railties (5.2.4) lib/rails/rack/logger.rb:26:in `block in call'
activesupport (5.2.4) lib/active_support/tagged_logging.rb:71:in `block in tagged'
activesupport (5.2.4) lib/active_support/tagged_logging.rb:28:in `tagged'
activesupport (5.2.4) lib/active_support/tagged_logging.rb:71:in `tagged'
railties (5.2.4) lib/rails/rack/logger.rb:26:in `call'
sprockets-rails (3.2.1) lib/sprockets/rails/quiet_assets.rb:13:in `call'
actionpack (5.2.4) lib/action_dispatch/middleware/remote_ip.rb:81:in `call'
actionpack (5.2.4) lib/action_dispatch/middleware/request_id.rb:27:in `call'
rack (2.0.7) lib/rack/method_override.rb:22:in `call'
rack (2.0.7) lib/rack/runtime.rb:22:in `call'
activesupport (5.2.4) lib/active_support/cache/strategy/local_cache_middleware.rb:29:in `call'
actionpack (5.2.4) lib/action_dispatch/middleware/executor.rb:14:in `call'
actionpack (5.2.4) lib/action_dispatch/middleware/static.rb:127:in `call'
rack (2.0.7) lib/rack/sendfile.rb:111:in `call'
railties (5.2.4) lib/rails/engine.rb:524:in `call'
puma (3.12.2) lib/puma/configuration.rb:227:in `call'
puma (3.12.2) lib/puma/server.rb:674:in `handle_request'
puma (3.12.2) lib/puma/server.rb:476:in `process_client'
puma (3.12.2) lib/puma/server.rb:334:in `block in run'
puma (3.12.2) lib/puma/thread_pool.rb:135:in `block in spawn_thread'
Started GET "/contact" for 127.0.0.1 at 2019-12-25 10:34:23 +0200
Processing by StaticPagesController#contact as HTML
  Rendering static_pages/contact.html.erb within layouts/application
  Rendered static_pages/contact.html.erb within layouts/application (0.7ms)
  Rendered layouts/_header.html.erb (1.1ms)
  Rendered layouts/_footer.html.erb (0.5ms)
Completed 200 OK in 64ms (Views: 61.6ms | ActiveRecord: 0.0ms)


Started GET "/contact" for 127.0.0.1 at 2019-12-25 10:34:27 +0200
Processing by StaticPagesController#contact as HTML
  Rendering static_pages/contact.html.erb within layouts/application
  Rendered static_pages/contact.html.erb within layouts/application (1.0ms)
  Rendered layouts/_header.html.erb (2.2ms)
  Rendered layouts/_footer.html.erb (0.8ms)
Completed 200 OK in 61ms (Views: 59.3ms | ActiveRecord: 0.0ms)


Started GET "/" for 127.0.0.1 at 2019-12-25 10:35:22 +0200
Processing by StaticPagesController#home as HTML
  Rendering static_pages/home.html.erb within layouts/application
  Rendered static_pages/home.html.erb within layouts/application (2.1ms)
  Rendered layouts/_header.html.erb (1.0ms)
  Rendered layouts/_footer.html.erb (0.9ms)
Completed 200 OK in 49ms (Views: 47.2ms | ActiveRecord: 0.0ms)


Started GET "/" for 127.0.0.1 at 2019-12-25 10:37:20 +0200
Processing by StaticPagesController#home as HTML
  Rendering static_pages/home.html.erb within layouts/application
  Rendered static_pages/home.html.erb within layouts/application (2.3ms)
  Rendered layouts/_header.html.erb (1.0ms)
  Rendered layouts/_footer.html.erb (0.8ms)
Completed 200 OK in 85ms (Views: 83.3ms | ActiveRecord: 0.0ms)


Started GET "/" for 127.0.0.1 at 2019-12-25 10:37:23 +0200
Processing by StaticPagesController#home as HTML
  Rendering static_pages/home.html.erb within layouts/application
  Rendered static_pages/home.html.erb within layouts/application (2.1ms)
  Rendered layouts/_header.html.erb (1.1ms)
  Rendered layouts/_footer.html.erb (0.8ms)
Completed 200 OK in 49ms (Views: 48.0ms | ActiveRecord: 0.0ms)


Started GET "/" for 127.0.0.1 at 2019-12-25 10:37:24 +0200
Processing by StaticPagesController#home as HTML
  Rendering static_pages/home.html.erb within layouts/application
  Rendered static_pages/home.html.erb within layouts/application (2.3ms)
  Rendered layouts/_header.html.erb (1.1ms)
  Rendered layouts/_footer.html.erb (0.6ms)
Completed 200 OK in 47ms (Views: 46.0ms | ActiveRecord: 0.0ms)


Started GET "/" for 127.0.0.1 at 2019-12-25 11:20:42 +0200
Processing by StaticPagesController#home as HTML
  Rendering static_pages/home.html.erb within layouts/application
  Rendered static_pages/home.html.erb within layouts/application (3.8ms)
  Rendered layouts/_header.html.erb (0.8ms)
  Rendered layouts/_footer.html.erb (0.6ms)
Completed 200 OK in 398ms (Views: 396.4ms | ActiveRecord: 0.0ms)


Started GET "/" for 127.0.0.1 at 2019-12-25 11:20:46 +0200
Processing by StaticPagesController#home as HTML
  Rendering static_pages/home.html.erb within layouts/application
  Rendered static_pages/home.html.erb within layouts/application (2.1ms)
  Rendered layouts/_header.html.erb (0.8ms)
  Rendered layouts/_footer.html.erb (0.7ms)
Completed 200 OK in 51ms (Views: 48.9ms | ActiveRecord: 0.0ms)


Started GET "/" for 127.0.0.1 at 2019-12-25 11:20:51 +0200
Processing by StaticPagesController#home as HTML
  Rendering static_pages/home.html.erb within layouts/application
  Rendered static_pages/home.html.erb within layouts/application (2.4ms)
  Rendered layouts/_header.html.erb (0.8ms)
  Rendered layouts/_footer.html.erb (0.5ms)
Completed 200 OK in 49ms (Views: 47.4ms | ActiveRecord: 0.0ms)


Started GET "/help" for 127.0.0.1 at 2019-12-25 11:20:53 +0200
Processing by StaticPagesController#help as HTML
  Rendering static_pages/help.html.erb within layouts/application
  Rendered static_pages/help.html.erb within layouts/application (0.6ms)
  Rendered layouts/_header.html.erb (0.7ms)
  Rendered layouts/_footer.html.erb (0.8ms)
Completed 200 OK in 48ms (Views: 46.2ms | ActiveRecord: 0.0ms)


Started GET "/" for 127.0.0.1 at 2019-12-25 11:20:56 +0200
Processing by StaticPagesController#home as HTML
  Rendering static_pages/home.html.erb within layouts/application
  Rendered static_pages/home.html.erb within layouts/application (2.7ms)
  Rendered layouts/_header.html.erb (0.7ms)
  Rendered layouts/_footer.html.erb (0.7ms)
Completed 200 OK in 63ms (Views: 61.0ms | ActiveRecord: 0.0ms)


Started GET "/" for 127.0.0.1 at 2019-12-25 11:25:15 +0200
Processing by StaticPagesController#home as HTML
  Rendering static_pages/home.html.erb within layouts/application
  Rendered static_pages/home.html.erb within layouts/application (2.7ms)
  Rendered layouts/_header.html.erb (0.6ms)
Completed 500 Internal Server Error in 226ms (ActiveRecord: 0.0ms)


  
SyntaxError (/home/tresor/sample_app/app/views/layouts/_header.html.erb:8: syntax error, unexpected class, expecting do or '{' or '('
...ign up now!", signup_path class="btn" );@output_buffer.safe_...
...                          ^~~~~):
  
app/views/layouts/_header.html.erb:8: syntax error, unexpected class, expecting do or '{' or '('
app/views/layouts/application.html.erb:15:in `_app_views_layouts_application_html_erb__2184071384283649000_69878569004460'
Started GET "/" for 127.0.0.1 at 2019-12-25 11:25:56 +0200
Processing by StaticPagesController#home as HTML
  Rendering static_pages/home.html.erb within layouts/application
  Rendered static_pages/home.html.erb within layouts/application (2.0ms)
  Rendered layouts/_header.html.erb (0.7ms)
Completed 500 Internal Server Error in 499ms (ActiveRecord: 0.0ms)


  
SyntaxError (/home/tresor/sample_app/app/views/layouts/_header.html.erb:8: syntax error, unexpected tLABEL, expecting do or '{' or '('
...gn up now!", signup_path class: "btn");@output_buffer.safe_a...
...                         ^~~~~~):
  
app/views/layouts/_header.html.erb:8: syntax error, unexpected tLABEL, expecting do or '{' or '('
app/views/layouts/application.html.erb:15:in `_app_views_layouts_application_html_erb__2184071384283649000_69878513982880'
Started GET "/help" for 127.0.0.1 at 2019-12-25 11:26:13 +0200
Processing by StaticPagesController#help as HTML
  Rendering static_pages/help.html.erb within layouts/application
  Rendered static_pages/help.html.erb within layouts/application (0.7ms)
  Rendered layouts/_header.html.erb (0.9ms)
Completed 500 Internal Server Error in 102ms (ActiveRecord: 0.0ms)


  
SyntaxError (/home/tresor/sample_app/app/views/layouts/_header.html.erb:8: syntax error, unexpected tLABEL, expecting do or '{' or '('
...gn up now!", signup_path class:"btn");@output_buffer.safe_ap...
...                         ^~~~~~):
  
app/views/layouts/_header.html.erb:8: syntax error, unexpected tLABEL, expecting do or '{' or '('
app/views/layouts/application.html.erb:15:in `_app_views_layouts_application_html_erb__2184071384283649000_69878555936580'
Started GET "/" for 127.0.0.1 at 2019-12-25 11:26:22 +0200
Processing by StaticPagesController#home as HTML
  Rendering static_pages/home.html.erb within layouts/application
  Rendered static_pages/home.html.erb within layouts/application (2.1ms)
  Rendered layouts/_header.html.erb (0.8ms)
Completed 500 Internal Server Error in 52ms (ActiveRecord: 0.0ms)


  
SyntaxError (/home/tresor/sample_app/app/views/layouts/_header.html.erb:8: syntax error, unexpected tLABEL, expecting do or '{' or '('
...gn up now!", signup_path class:"btn");@output_buffer.safe_ap...
...                         ^~~~~~):
  
app/views/layouts/_header.html.erb:8: syntax error, unexpected tLABEL, expecting do or '{' or '('
app/views/layouts/application.html.erb:15:in `_app_views_layouts_application_html_erb__2184071384283649000_69878648490280'
Started GET "/" for 127.0.0.1 at 2019-12-25 11:26:42 +0200
Processing by StaticPagesController#home as HTML
  Rendering static_pages/home.html.erb within layouts/application
  Rendered static_pages/home.html.erb within layouts/application (2.7ms)
  Rendered layouts/_header.html.erb (1.2ms)
  Rendered layouts/_footer.html.erb (0.6ms)
Completed 200 OK in 827ms (Views: 825.0ms | ActiveRecord: 0.0ms)


Started GET "/" for 127.0.0.1 at 2019-12-25 11:26:53 +0200
Processing by StaticPagesController#home as HTML
  Rendering static_pages/home.html.erb within layouts/application
  Rendered static_pages/home.html.erb within layouts/application (3.8ms)
  Rendered layouts/_header.html.erb (0.7ms)
Completed 500 Internal Server Error in 44ms (ActiveRecord: 0.0ms)


  
SyntaxError (/home/tresor/sample_app/app/views/layouts/_header.html.erb:8: syntax error, unexpected '='
...n up now!", signup_path ,class="btn");@output_buffer.safe_ap...
...                              ^):
  
app/views/layouts/_header.html.erb:8: syntax error, unexpected '='
app/views/layouts/application.html.erb:15:in `_app_views_layouts_application_html_erb__2184071384283649000_69878648495240'
Started GET "/" for 127.0.0.1 at 2019-12-25 11:27:11 +0200
Processing by StaticPagesController#home as HTML
  Rendering static_pages/home.html.erb within layouts/application
  Rendered static_pages/home.html.erb within layouts/application (2.5ms)
  Rendered layouts/_header.html.erb (0.8ms)
  Rendered layouts/_footer.html.erb (0.6ms)
Completed 200 OK in 45ms (Views: 44.1ms | ActiveRecord: 0.0ms)


Started GET "/" for 127.0.0.1 at 2019-12-25 11:27:32 +0200
Processing by StaticPagesController#home as HTML
  Rendering static_pages/home.html.erb within layouts/application
  Rendered static_pages/home.html.erb within layouts/application (3.2ms)
  Rendered layouts/_header.html.erb (0.9ms)
  Rendered layouts/_footer.html.erb (0.7ms)
Completed 200 OK in 48ms (Views: 46.6ms | ActiveRecord: 0.0ms)


Started GET "/" for 127.0.0.1 at 2019-12-25 11:30:42 +0200
Processing by StaticPagesController#home as HTML
  Rendering static_pages/home.html.erb within layouts/application
  Rendered static_pages/home.html.erb within layouts/application (1174.7ms)
Completed 500 Internal Server Error in 1179ms (ActiveRecord: 0.0ms)


  
ActionView::Template::Error (undefined local variable or method `new_path' for #<#<Class:0x00007f1bc81bff40>:0x00007f1bbd06e520>
Did you mean?  view_paths):
     7:     sample application.
     8:   </h2>
     9: 
    10:   <%= link_to "Sign up now!", new_path , class: "btn btn-lg btn-primary" %>
    11: </div>
    12: 
    13: <%= link_to image_tag("rails.jpg", alt: "Rails logo"),
  
app/views/static_pages/home.html.erb:10:in `_app_views_static_pages_home_html_erb__2357537529549248679_69878556097820'
Started GET "/" for 127.0.0.1 at 2019-12-25 11:31:40 +0200
Processing by StaticPagesController#home as HTML
  Rendering static_pages/home.html.erb within layouts/application
  Rendered static_pages/home.html.erb within layouts/application (3.7ms)
  Rendered layouts/_header.html.erb (302.1ms)
Completed 500 Internal Server Error in 2369ms (ActiveRecord: 0.0ms)


  
ActionView::Template::Error (undefined local variable or method `login_path' for #<#<Class:0x00007f1bc81bff40>:0x00007f1bc02388a8>):
     5:       <ul class="nav navbar-nav navbar-right">
     6:         <li><%= link_to "Home", root_path%></li>
     7:         <li><%= link_to "Help",  help_path %></li>
     8:         <li><%= link_to "Log in", login_path %></li>
     9:       </ul>
    10:     </nav>
    11:   </div>
  
app/views/layouts/_header.html.erb:8:in `_app_views_layouts__header_html_erb__4152636135772908174_47180312776580'
app/views/layouts/application.html.erb:15:in `_app_views_layouts_application_html_erb__2184071384283649000_69878582143740'
Started GET "/" for 127.0.0.1 at 2019-12-25 11:32:53 +0200
  
ArgumentError (Missing :controller key on routes definition, please check your routes.):
  
config/routes.rb:8:in `block in <main>'
config/routes.rb:1:in `<main>'
Started GET "/" for 127.0.0.1 at 2019-12-25 11:33:19 +0200
  
ArgumentError (Missing :controller key on routes definition, please check your routes.):
  
config/routes.rb:8:in `block in <main>'
config/routes.rb:1:in `<main>'
Started GET "/" for 127.0.0.1 at 2019-12-25 11:33:44 +0200
Processing by StaticPagesController#home as HTML
  Rendering static_pages/home.html.erb within layouts/application
  Rendered static_pages/home.html.erb within layouts/application (18.5ms)
  Rendered layouts/_header.html.erb (1.2ms)
  Rendered layouts/_footer.html.erb (0.8ms)
Completed 200 OK in 303ms (Views: 301.6ms | ActiveRecord: 0.0ms)


Started GET "/signup" for 127.0.0.1 at 2019-12-25 11:33:49 +0200
Processing by UsersController#new as HTML
  Rendering users/new.html.erb within layouts/application
  Rendered users/new.html.erb within layouts/application (0.6ms)
  Rendered layouts/_header.html.erb (0.9ms)
  Rendered layouts/_footer.html.erb (1.6ms)
Completed 200 OK in 143ms (Views: 67.2ms | ActiveRecord: 0.0ms)


  [1m[35m (0.1ms)[0m  [1m[34mSELECT sqlite_version(*)[0m
  ↳ bin/rails:9
  [1m[35m (192.8ms)[0m  [1m[35mCREATE TABLE "schema_migrations" ("version" varchar NOT NULL PRIMARY KEY)[0m
  ↳ bin/rails:9
  [1m[35m (194.3ms)[0m  [1m[35mCREATE TABLE "ar_internal_metadata" ("key" varchar NOT NULL PRIMARY KEY, "value" varchar, "created_at" datetime NOT NULL, "updated_at" datetime NOT NULL)[0m
  ↳ bin/rails:9
  [1m[35m (0.3ms)[0m  [1m[34mSELECT "schema_migrations"."version" FROM "schema_migrations" ORDER BY "schema_migrations"."version" ASC[0m
  ↳ bin/rails:9
Migrating to CreateUsers (20191225094436)
  [1m[35m (0.1ms)[0m  [1m[36mbegin transaction[0m
  ↳ bin/rails:9
  [1m[35m (0.6ms)[0m  [1m[35mCREATE TABLE "users" ("id" integer PRIMARY KEY AUTOINCREMENT NOT NULL, "name" varchar, "email" varchar, "created_at" datetime NOT NULL, "updated_at" datetime NOT NULL)[0m
  ↳ db/migrate/20191225094436_create_users.rb:3
  [1m[36mActiveRecord::SchemaMigration Create (0.3ms)[0m  [1m[32mINSERT INTO "schema_migrations" ("version") VALUES (?)[0m  [["version", "20191225094436"]]
  ↳ bin/rails:9
  [1m[35m (514.4ms)[0m  [1m[36mcommit transaction[0m
  ↳ bin/rails:9
  [1m[36mActiveRecord::InternalMetadata Load (0.3ms)[0m  [1m[34mSELECT  "ar_internal_metadata".* FROM "ar_internal_metadata" WHERE "ar_internal_metadata"."key" = ? LIMIT ?[0m  [["key", "environment"], ["LIMIT", 1]]
  ↳ bin/rails:9
  [1m[35m (0.1ms)[0m  [1m[36mbegin transaction[0m
  ↳ bin/rails:9
  [1m[36mActiveRecord::InternalMetadata Create (0.3ms)[0m  [1m[32mINSERT INTO "ar_internal_metadata" ("key", "value", "created_at", "updated_at") VALUES (?, ?, ?, ?)[0m  [["key", "environment"], ["value", "development"], ["created_at", "2019-12-25 09:49:03.800885"], ["updated_at", "2019-12-25 09:49:03.800885"]]
  ↳ bin/rails:9
  [1m[35m (255.5ms)[0m  [1m[36mcommit transaction[0m
  ↳ bin/rails:9
  [1m[35m (0.4ms)[0m  [1m[34mSELECT "schema_migrations"."version" FROM "schema_migrations" ORDER BY "schema_migrations"."version" ASC[0m
  ↳ bin/rails:9
  [1m[35m (0.3ms)[0m  [1m[36mbegin transaction[0m
  [1m[36mUser Create (0.5ms)[0m  [1m[32mINSERT INTO "users" ("name", "email", "created_at", "updated_at") VALUES (?, ?, ?, ?)[0m  [["name", "Michael Hartl"], ["email", "mhartl@example.com"], ["created_at", "2019-12-25 09:51:09.533486"], ["updated_at", "2019-12-25 09:51:09.533486"]]
  [1m[35m (1257.2ms)[0m  [1m[36mcommit transaction[0m
  [1m[35m (0.3ms)[0m  [1m[36mbegin transaction[0m
  [1m[35m (0.2ms)[0m  [1m[31mrollback transaction[0m
  [1m[36mUser Load (0.2ms)[0m  [1m[34mSELECT  "users".* FROM "users" LIMIT ?[0m  [["LIMIT", 11]]
  [1m[36mUser Load (0.5ms)[0m  [1m[34mSELECT  "users".* FROM "users" ORDER BY "users"."id" ASC LIMIT ?[0m  [["LIMIT", 1]]
  [1m[35m (0.2ms)[0m  [1m[36mbegin transaction[0m
  [1m[35m (0.1ms)[0m  [1m[31mrollback transaction[0m
  [1m[35m (0.5ms)[0m  [1m[34mSELECT "schema_migrations"."version" FROM "schema_migrations" ORDER BY "schema_migrations"."version" ASC[0m
  ↳ bin/rails:9
Migrating to AddIndexToUsersEmail (20191225112857)
  [1m[35m (0.2ms)[0m  [1m[36mbegin transaction[0m
  ↳ bin/rails:9
  [1m[35m (0.1ms)[0m  [1m[34mSELECT sqlite_version(*)[0m
  ↳ db/migrate/20191225112857_add_index_to_users_email.rb:3
  [1m[35m (24.4ms)[0m  [1m[35mCREATE UNIQUE INDEX "index_users_on_email" ON "users" ("email")[0m
  ↳ db/migrate/20191225112857_add_index_to_users_email.rb:3
  [1m[36mActiveRecord::SchemaMigration Create (0.4ms)[0m  [1m[32mINSERT INTO "schema_migrations" ("version") VALUES (?)[0m  [["version", "20191225112857"]]
  ↳ bin/rails:9
  [1m[35m (269.8ms)[0m  [1m[36mcommit transaction[0m
  ↳ bin/rails:9
  [1m[36mActiveRecord::InternalMetadata Load (0.5ms)[0m  [1m[34mSELECT  "ar_internal_metadata".* FROM "ar_internal_metadata" WHERE "ar_internal_metadata"."key" = ? LIMIT ?[0m  [["key", "environment"], ["LIMIT", 1]]
  ↳ bin/rails:9
  [1m[35m (0.1ms)[0m  [1m[36mbegin transaction[0m
  ↳ bin/rails:9
  [1m[35m (0.1ms)[0m  [1m[36mcommit transaction[0m
  ↳ bin/rails:9
  [1m[35m (0.2ms)[0m  [1m[34mSELECT "schema_migrations"."version" FROM "schema_migrations" ORDER BY "schema_migrations"."version" ASC[0m
  ↳ bin/rails:9
  [1m[35m (0.4ms)[0m  [1m[34mSELECT "schema_migrations"."version" FROM "schema_migrations" ORDER BY "schema_migrations"."version" ASC[0m
  ↳ bin/rails:9
Migrating to AddPasswordDigestToUsers (20191225141853)
  [1m[35m (0.3ms)[0m  [1m[36mbegin transaction[0m
  ↳ bin/rails:9
  [1m[35m (71.5ms)[0m  [1m[35mALTER TABLE "users" ADD "password_digest" varchar[0m
  ↳ db/migrate/20191225141853_add_password_digest_to_users.rb:3
  [1m[36mActiveRecord::SchemaMigration Create (0.4ms)[0m  [1m[32mINSERT INTO "schema_migrations" ("version") VALUES (?)[0m  [["version", "20191225141853"]]
  ↳ bin/rails:9
  [1m[35m (174.9ms)[0m  [1m[36mcommit transaction[0m
  ↳ bin/rails:9
  [1m[36mActiveRecord::InternalMetadata Load (0.3ms)[0m  [1m[34mSELECT  "ar_internal_metadata".* FROM "ar_internal_metadata" WHERE "ar_internal_metadata"."key" = ? LIMIT ?[0m  [["key", "environment"], ["LIMIT", 1]]
  ↳ bin/rails:9
  [1m[35m (0.1ms)[0m  [1m[36mbegin transaction[0m
  ↳ bin/rails:9
  [1m[35m (0.0ms)[0m  [1m[36mcommit transaction[0m
  ↳ bin/rails:9
  [1m[35m (0.1ms)[0m  [1m[34mSELECT "schema_migrations"."version" FROM "schema_migrations" ORDER BY "schema_migrations"."version" ASC[0m
  ↳ bin/rails:9
  [1m[36mUser Load (0.2ms)[0m  [1m[34mSELECT  "users".* FROM "users" ORDER BY "users"."id" ASC LIMIT ?[0m  [["LIMIT", 1]]
  [1m[35m (0.2ms)[0m  [1m[36mbegin transaction[0m
  [1m[36mUser Exists (0.4ms)[0m  [1m[34mSELECT  1 AS one FROM "users" WHERE LOWER("users"."email") = LOWER(?) LIMIT ?[0m  [["email", "alfred@gmail.com"], ["LIMIT", 1]]
  [1m[36mUser Create (0.5ms)[0m  [1m[32mINSERT INTO "users" ("name", "email", "created_at", "updated_at", "password_digest") VALUES (?, ?, ?, ?, ?)[0m  [["name", "alfred"], ["email", "alfred@gmail.com"], ["created_at", "2019-12-25 14:46:02.463802"], ["updated_at", "2019-12-25 14:46:02.463802"], ["password_digest", "$2a$10$fiVluIccmjuj.9IJVp3knOZX.lqM2ZgucJd1.1CbcLD/wyZDJqzqe"]]
  [1m[35m (1171.6ms)[0m  [1m[36mcommit transaction[0m
  [1m[36mUser Load (0.5ms)[0m  [1m[34mSELECT  "users".* FROM "users" ORDER BY "users"."id" DESC LIMIT ?[0m  [["LIMIT", 1]]
  [1m[35m (0.3ms)[0m  [1m[36mbegin transaction[0m
  [1m[36mUser Exists (22.8ms)[0m  [1m[34mSELECT  1 AS one FROM "users" WHERE LOWER("users"."email") = LOWER(?) LIMIT ?[0m  [["email", "konoha@gmail.com"], ["LIMIT", 1]]
  [1m[36mUser Create (33.8ms)[0m  [1m[32mINSERT INTO "users" ("name", "email", "created_at", "updated_at", "password_digest") VALUES (?, ?, ?, ?, ?)[0m  [["name", "naruto"], ["email", "konoha@gmail.com"], ["created_at", "2019-12-25 17:13:59.430336"], ["updated_at", "2019-12-25 17:13:59.430336"], ["password_digest", "$2a$10$7XCO925cIFjmAHz7xkPxqOtu01FZIicdVcYdxsZxllpQaZ0jrfowy"]]
  [1m[35m (133.7ms)[0m  [1m[36mcommit transaction[0m
  [1m[35m (0.2ms)[0m  [1m[36mbegin transaction[0m
  [1m[36mUser Exists (0.5ms)[0m  [1m[34mSELECT  1 AS one FROM "users" WHERE LOWER("users"."email") = LOWER(?) LIMIT ?[0m  [["email", "konoha@gmail.com"], ["LIMIT", 1]]
  [1m[35m (0.1ms)[0m  [1m[31mrollback transaction[0m
  [1m[35m (0.2ms)[0m  [1m[36mbegin transaction[0m
  [1m[36mUser Exists (0.3ms)[0m  [1m[34mSELECT  1 AS one FROM "users" WHERE LOWER("users"."email") = LOWER(?) LIMIT ?[0m  [["email", "konohi@gmail.com"], ["LIMIT", 1]]
  [1m[36mUser Create (0.5ms)[0m  [1m[32mINSERT INTO "users" ("name", "email", "created_at", "updated_at", "password_digest") VALUES (?, ?, ?, ?, ?)[0m  [["name", "naruta"], ["email", "konohi@gmail.com"], ["created_at", "2019-12-25 17:23:23.309523"], ["updated_at", "2019-12-25 17:23:23.309523"], ["password_digest", "$2a$10$Y6gd6g3JrW9ZLgYVi0dnuuVrIVGj/x3zUij0iaPp6Mf2A67.0ZSKu"]]
  [1m[35m (94.1ms)[0m  [1m[36mcommit transaction[0m
  [1m[36mUser Load (0.4ms)[0m  [1m[34mSELECT  "users".* FROM "users" WHERE "users"."name" = ? LIMIT ?[0m  [["name", "naruto"], ["LIMIT", 1]]
Started GET "/" for 127.0.0.1 at 2019-12-25 19:58:05 +0200
Processing by StaticPagesController#home as HTML
  Rendering static_pages/home.html.erb within layouts/application
  Rendered static_pages/home.html.erb within layouts/application (1040.6ms)
  Rendered layouts/_header.html.erb (1.7ms)
  Rendered layouts/_footer.html.erb (1.4ms)
Completed 200 OK in 1788ms (Views: 1754.9ms | ActiveRecord: 0.0ms)


Started GET "/signup" for 127.0.0.1 at 2019-12-25 19:58:43 +0200
Processing by UsersController#new as HTML
  Rendering users/new.html.erb within layouts/application
  Rendered users/new.html.erb within layouts/application (1.2ms)
  Rendered layouts/_header.html.erb (1.3ms)
  Rendered layouts/_footer.html.erb (1.1ms)
Completed 200 OK in 89ms (Views: 58.1ms | ActiveRecord: 0.0ms)


Started GET "/" for 127.0.0.1 at 2019-12-25 20:07:23 +0200
Processing by StaticPagesController#home as HTML
  Rendering static_pages/home.html.erb within layouts/application
  Rendered static_pages/home.html.erb within layouts/application (3.0ms)
  Rendered layouts/_header.html.erb (1.2ms)
  Rendered layouts/_footer.html.erb (0.9ms)
Completed 200 OK in 87ms (Views: 85.0ms | ActiveRecord: 0.0ms)


Started GET "/" for 127.0.0.1 at 2019-12-25 20:13:03 +0200
Processing by StaticPagesController#home as HTML
  Rendering static_pages/home.html.erb within layouts/application
  Rendered static_pages/home.html.erb within layouts/application (2.9ms)
  Rendered layouts/_header.html.erb (1.0ms)
  Rendered layouts/_footer.html.erb (0.7ms)
Completed 200 OK in 3068ms (Views: 3066.1ms | ActiveRecord: 0.0ms)


  [1m[35m (0.1ms)[0m  [1m[34mSELECT COUNT(*) FROM "users"[0m
  [1m[36mUser Load (0.5ms)[0m  [1m[34mSELECT  "users".* FROM "users" ORDER BY "users"."id" DESC LIMIT ?[0m  [["LIMIT", 1]]
Started GET "/users/1" for 127.0.0.1 at 2019-12-25 20:31:52 +0200
Processing by UsersController#show as HTML
  Parameters: {"id"=>"1"}
  [1m[36mUser Load (109.0ms)[0m  [1m[34mSELECT  "users".* FROM "users" WHERE "users"."id" = ? LIMIT ?[0m  [["id", 1], ["LIMIT", 1]]
  ↳ app/controllers/users_controller.rb:9
  Rendering users/show.html.erb within layouts/application
  Rendered users/show.html.erb within layouts/application (1.5ms)
  Rendered layouts/_header.html.erb (1.9ms)
  Rendered layouts/_footer.html.erb (0.6ms)
Completed 200 OK in 706ms (Views: 489.0ms | ActiveRecord: 110.1ms)


Started GET "/users/4" for 127.0.0.1 at 2019-12-25 20:32:00 +0200
Processing by UsersController#show as HTML
  Parameters: {"id"=>"4"}
  [1m[36mUser Load (0.2ms)[0m  [1m[34mSELECT  "users".* FROM "users" WHERE "users"."id" = ? LIMIT ?[0m  [["id", 4], ["LIMIT", 1]]
  ↳ app/controllers/users_controller.rb:9
  Rendering users/show.html.erb within layouts/application
  Rendered users/show.html.erb within layouts/application (0.5ms)
  Rendered layouts/_header.html.erb (1.0ms)
  Rendered layouts/_footer.html.erb (0.7ms)
Completed 200 OK in 47ms (Views: 43.6ms | ActiveRecord: 0.2ms)


Started GET "/users/4" for 127.0.0.1 at 2019-12-25 20:44:41 +0200
Processing by UsersController#show as HTML
  Parameters: {"id"=>"4"}
  [1m[36mUser Load (0.2ms)[0m  [1m[34mSELECT  "users".* FROM "users" WHERE "users"."id" = ? LIMIT ?[0m  [["id", 4], ["LIMIT", 1]]
  ↳ app/controllers/users_controller.rb:9
Started GET "/users/4" for 127.0.0.1 at 2019-12-25 20:52:25 +0200
Started GET "/" for 127.0.0.1 at 2019-12-26 09:18:47 +0200
  [1m[35m (0.2ms)[0m  [1m[34mSELECT "schema_migrations"."version" FROM "schema_migrations" ORDER BY "schema_migrations"."version" ASC[0m
  ↳ /home/tresor/.rbenv/versions/2.6.4/lib/ruby/gems/2.6.0/gems/activerecord-5.2.4/lib/active_record/log_subscriber.rb:98
Processing by StaticPagesController#home as HTML
  Rendering static_pages/home.html.erb within layouts/application
  Rendered static_pages/home.html.erb within layouts/application (4569.7ms)
  Rendered layouts/_header.html.erb (1.8ms)
  Rendered layouts/_footer.html.erb (0.6ms)
Completed 200 OK in 5779ms (Views: 5715.1ms | ActiveRecord: 0.0ms)


  [1m[36mUser Load (0.5ms)[0m  [1m[34mSELECT  "users".* FROM "users" WHERE "users"."name" = ? LIMIT ?[0m  [["name", "naruto"], ["LIMIT", 1]]
  [1m[35m (0.2ms)[0m  [1m[36mbegin transaction[0m
  [1m[36mUser Destroy (795.1ms)[0m  [1m[31mDELETE FROM "users" WHERE "users"."id" = ?[0m  [["id", 3]]
  [1m[35m (155.9ms)[0m  [1m[36mcommit transaction[0m
  [1m[36mUser Load (0.5ms)[0m  [1m[34mSELECT  "users".* FROM "users" WHERE "users"."name" = ? LIMIT ?[0m  [["name", "naruto"], ["LIMIT", 1]]
  [1m[35m (0.1ms)[0m  [1m[36mbegin transaction[0m
  [1m[36mUser Exists (0.2ms)[0m  [1m[34mSELECT  1 AS one FROM "users" WHERE LOWER("users"."email") = LOWER(?) LIMIT ?[0m  [["email", "tresor.moise2001@gmail.com"], ["LIMIT", 1]]
  [1m[36mUser Create (0.4ms)[0m  [1m[32mINSERT INTO "users" ("name", "email", "created_at", "updated_at", "password_digest") VALUES (?, ?, ?, ?, ?)[0m  [["name", "tresor"], ["email", "tresor.moise2001@gmail.com"], ["created_at", "2019-12-26 07:37:27.246107"], ["updated_at", "2019-12-26 07:37:27.246107"], ["password_digest", "$2a$10$ppKMDE0Tl.k8P8VaDZOI8uKsF2SWL0TBbeJ6nXbx5zL5JWCXeDeXS"]]
  [1m[35m (513.2ms)[0m  [1m[36mcommit transaction[0m
Started GET "/" for 127.0.0.1 at 2019-12-26 09:38:13 +0200
Processing by StaticPagesController#home as HTML
  Rendering static_pages/home.html.erb within layouts/application
  Rendered static_pages/home.html.erb within layouts/application (6.9ms)
  Rendered layouts/_header.html.erb (1.5ms)
  Rendered layouts/_footer.html.erb (1.0ms)
Completed 200 OK in 693ms (Views: 654.8ms | ActiveRecord: 0.0ms)


Started GET "/users/5" for 127.0.0.1 at 2019-12-26 09:38:18 +0200
Processing by UsersController#show as HTML
  Parameters: {"id"=>"5"}
  [1m[36mUser Load (0.3ms)[0m  [1m[34mSELECT  "users".* FROM "users" WHERE "users"."id" = ? LIMIT ?[0m  [["id", 5], ["LIMIT", 1]]
  ↳ app/controllers/users_controller.rb:9
  Rendering users/show.html.erb within layouts/application
  Rendered users/show.html.erb within layouts/application (189.8ms)
Completed 500 Internal Server Error in 211ms (ActiveRecord: 1.7ms)


  
ActionView::Template::Error (undefined method `gravetar_for' for #<#<Class:0x00007fed20119198>:0x00007fed2012b820>
Did you mean?  gravatar_for):
    1: <h1>
    2: <%= gravetar_for @user%>
    3: <%=@user.name%>
    4: </h1>
  
app/views/users/show.html.erb:2:in `_app_views_users_show_html_erb__2339837524051926044_70328211000480'
Started GET "/users/5" for 127.0.0.1 at 2019-12-26 09:38:36 +0200
Processing by UsersController#show as HTML
  Parameters: {"id"=>"5"}
  [1m[36mUser Load (0.2ms)[0m  [1m[34mSELECT  "users".* FROM "users" WHERE "users"."id" = ? LIMIT ?[0m  [["id", 5], ["LIMIT", 1]]
  ↳ app/controllers/users_controller.rb:9
  Rendering users/show.html.erb within layouts/application
  Rendered users/show.html.erb within layouts/application (0.9ms)
  Rendered layouts/_header.html.erb (1.1ms)
  Rendered layouts/_footer.html.erb (0.9ms)
Completed 200 OK in 88ms (Views: 83.7ms | ActiveRecord: 0.2ms)


Started GET "/" for 127.0.0.1 at 2019-12-26 09:38:48 +0200
Processing by StaticPagesController#home as HTML
  Rendering static_pages/home.html.erb within layouts/application
  Rendered static_pages/home.html.erb within layouts/application (2.0ms)
  Rendered layouts/_header.html.erb (1.1ms)
  Rendered layouts/_footer.html.erb (0.8ms)
Completed 200 OK in 55ms (Views: 53.8ms | ActiveRecord: 0.0ms)


Started GET "/users/5" for 127.0.0.1 at 2019-12-27 03:50:12 +0200
  [1m[35m (0.5ms)[0m  [1m[34mSELECT "schema_migrations"."version" FROM "schema_migrations" ORDER BY "schema_migrations"."version" ASC[0m
  ↳ /home/tresor/.rbenv/versions/2.6.4/lib/ruby/gems/2.6.0/gems/activerecord-5.2.4/lib/active_record/log_subscriber.rb:98
Processing by UsersController#show as HTML
  Parameters: {"id"=>"5"}
  [1m[36mUser Load (0.4ms)[0m  [1m[34mSELECT  "users".* FROM "users" WHERE "users"."id" = ? LIMIT ?[0m  [["id", 5], ["LIMIT", 1]]
  ↳ app/controllers/users_controller.rb:9
  Rendering users/show.html.erb within layouts/application
  Rendered users/show.html.erb within layouts/application (1.6ms)
  Rendered layouts/_header.html.erb (2.0ms)
  Rendered layouts/_footer.html.erb (0.6ms)
Completed 200 OK in 1136ms (Views: 1010.5ms | ActiveRecord: 2.3ms)


Started GET "/users/5" for 127.0.0.1 at 2019-12-27 03:51:40 +0200
Processing by UsersController#show as HTML
  Parameters: {"id"=>"5"}
  [1m[36mUser Load (0.4ms)[0m  [1m[34mSELECT  "users".* FROM "users" WHERE "users"."id" = ? LIMIT ?[0m  [["id", 5], ["LIMIT", 1]]
  ↳ app/controllers/users_controller.rb:9
  Rendering users/show.html.erb within layouts/application
  Rendered users/show.html.erb within layouts/application (1.1ms)
  Rendered layouts/_header.html.erb (1.1ms)
  Rendered layouts/_footer.html.erb (0.7ms)
Completed 200 OK in 3015ms (Views: 3012.2ms | ActiveRecord: 0.4ms)


Started GET "/users/5" for 127.0.0.1 at 2019-12-27 03:59:40 +0200
Processing by UsersController#show as HTML
  Parameters: {"id"=>"5"}
  [1m[36mUser Load (0.4ms)[0m  [1m[34mSELECT  "users".* FROM "users" WHERE "users"."id" = ? LIMIT ?[0m  [["id", 5], ["LIMIT", 1]]
  ↳ app/controllers/users_controller.rb:9
  Rendering users/show.html.erb within layouts/application
  Rendered users/show.html.erb within layouts/application (1.0ms)
  Rendered layouts/_header.html.erb (1.4ms)
  Rendered layouts/_footer.html.erb (2.4ms)
Completed 200 OK in 508ms (Views: 434.6ms | ActiveRecord: 1.7ms)


Started GET "/users/5" for 127.0.0.1 at 2019-12-27 04:04:17 +0200
Processing by UsersController#show as HTML
  Parameters: {"id"=>"5"}
  [1m[36mUser Load (0.3ms)[0m  [1m[34mSELECT  "users".* FROM "users" WHERE "users"."id" = ? LIMIT ?[0m  [["id", 5], ["LIMIT", 1]]
  ↳ app/controllers/users_controller.rb:11
  Rendering users/show.html.erb within layouts/application
  Rendered users/show.html.erb within layouts/application (1.7ms)
  Rendered layouts/_header.html.erb (0.8ms)
  Rendered layouts/_footer.html.erb (0.5ms)
Completed 200 OK in 2797ms (Views: 2765.1ms | ActiveRecord: 2.4ms)


Started GET "/users/signup" for 127.0.0.1 at 2019-12-27 04:04:32 +0200
Processing by UsersController#show as HTML
  Parameters: {"id"=>"signup"}
  [1m[36mUser Load (0.2ms)[0m  [1m[34mSELECT  "users".* FROM "users" WHERE "users"."id" = ? LIMIT ?[0m  [["id", 0], ["LIMIT", 1]]
  ↳ app/controllers/users_controller.rb:11
Completed 404 Not Found in 2ms (ActiveRecord: 0.2ms)


  
ActiveRecord::RecordNotFound (Couldn't find User with 'id'=signup):
  
app/controllers/users_controller.rb:11:in `show'
Started GET "/signup" for 127.0.0.1 at 2019-12-27 04:05:13 +0200
Processing by UsersController#new as HTML
  Rendering users/new.html.erb within layouts/application
  Rendered users/new.html.erb within layouts/application (353.3ms)
  Rendered layouts/_header.html.erb (1.1ms)
  Rendered layouts/_footer.html.erb (0.7ms)
Completed 200 OK in 408ms (Views: 406.5ms | ActiveRecord: 0.0ms)


  [1m[35m (0.2ms)[0m  [1m[36mbegin transaction[0m
  [1m[36mUser Exists (22.4ms)[0m  [1m[34mSELECT  1 AS one FROM "users" WHERE LOWER("users"."email") = LOWER(?) LIMIT ?[0m  [["email", "aubin@gmail.com"], ["LIMIT", 1]]
  [1m[35m (0.4ms)[0m  [1m[31mrollback transaction[0m
  [1m[35m (0.2ms)[0m  [1m[36mbegin transaction[0m
  [1m[36mUser Exists (0.5ms)[0m  [1m[34mSELECT  1 AS one FROM "users" WHERE LOWER("users"."email") = LOWER(?) LIMIT ?[0m  [["email", "aubin@gmail.com"], ["LIMIT", 1]]
  [1m[35m (0.1ms)[0m  [1m[31mrollback transaction[0m
  [1m[35m (0.1ms)[0m  [1m[36mbegin transaction[0m
  [1m[36mUser Exists (0.4ms)[0m  [1m[34mSELECT  1 AS one FROM "users" WHERE LOWER("users"."email") = LOWER(?) LIMIT ?[0m  [["email", "aubin@gmail.com"], ["LIMIT", 1]]
  [1m[35m (0.1ms)[0m  [1m[31mrollback transaction[0m
Started GET "/signup" for 127.0.0.1 at 2019-12-27 05:27:04 +0200
Processing by UsersController#new as HTML
  Rendering users/new.html.erb within layouts/application
  Rendered users/new.html.erb within layouts/application (670.7ms)
Completed 500 Internal Server Error in 2758ms (ActiveRecord: 2.0ms)


  
ActionView::Template::Error (Missing partial shared/_error_messages with {:locale=>[:en], :formats=>[:html], :variants=>[], :handlers=>[:raw, :erb, :html, :builder, :ruby, :coffee, :jbuilder]}. Searched in:
  * "/home/tresor/sample_app/app/views"
):
    4: <div class="row">
    5:   <div class="col-md-6 col-md-offset-3">
    6:     <%= form_for(@user) do |f| %>
    7:       <%= render 'shared/error_messages' %>
    8: 
    9:       <%= f.label :name %>
   10:       <%= f.text_field :name, class: 'form-control' %>
  
app/views/users/new.html.erb:7:in `block in _app_views_users_new_html_erb__940844639577994679_70232174054400'
app/views/users/new.html.erb:6:in `_app_views_users_new_html_erb__940844639577994679_70232174054400'
Started GET "/signup" for 127.0.0.1 at 2019-12-27 05:28:12 +0200
Processing by UsersController#new as HTML
  Rendering users/new.html.erb within layouts/application
  Rendered shared/_error_message.html.erb (17.5ms)
  Rendered users/new.html.erb within layouts/application (595.3ms)
  Rendered layouts/_header.html.erb (1.8ms)
  Rendered layouts/_footer.html.erb (0.6ms)
Completed 200 OK in 14723ms (Views: 14629.9ms | ActiveRecord: 0.0ms)


Started POST "/users" for 127.0.0.1 at 2019-12-27 05:30:36 +0200
Processing by UsersController#create as HTML
  Parameters: {"utf8"=>"✓", "authenticity_token"=>"VI6kTTGTxmrabQzhDwl0hYJRiZOzI8zTPV9cuNLVpvggdI7+el2atzliNhOL8VpYaO64xkQCuNUVH5jsTkWTEA==", "user"=>{"name"=>"", "email"=>"treso@gmail.com", "password"=>"[FILTERED]", "password_confirmation"=>"[FILTERED]"}, "commit"=>"Create my account"}
  [1m[35m (0.1ms)[0m  [1m[36mbegin transaction[0m
  ↳ app/controllers/users_controller.rb:16
  [1m[36mUser Exists (381.7ms)[0m  [1m[34mSELECT  1 AS one FROM "users" WHERE LOWER("users"."email") = LOWER(?) LIMIT ?[0m  [["email", "treso@gmail.com"], ["LIMIT", 1]]
  ↳ app/controllers/users_controller.rb:16
  [1m[35m (0.1ms)[0m  [1m[31mrollback transaction[0m
  ↳ app/controllers/users_controller.rb:16
  Rendering users/new.html.erb within layouts/application
  Rendered shared/_error_message.html.erb (2.3ms)
  Rendered users/new.html.erb within layouts/application (69.6ms)
  Rendered layouts/_header.html.erb (24.5ms)
  Rendered layouts/_footer.html.erb (1.2ms)
Completed 200 OK in 2586ms (Views: 1330.2ms | ActiveRecord: 381.9ms)


Started POST "/users" for 127.0.0.1 at 2019-12-27 05:31:28 +0200
Processing by UsersController#create as HTML
  Parameters: {"utf8"=>"✓", "authenticity_token"=>"/WfTrb4I30t8rLbWQJIOKvZA4Vgpzi1mocr2PA4642GJnfke9caDlp+jjCTEaiD3HP/QDd7vWWCJijJokqrWiQ==", "user"=>{"name"=>"", "email"=>"treso@gmail.com", "password"=>"[FILTERED]", "password_confirmation"=>"[FILTERED]"}, "commit"=>"Create my account"}
  [1m[35m (0.1ms)[0m  [1m[36mbegin transaction[0m
  ↳ app/controllers/users_controller.rb:16
  [1m[36mUser Exists (0.3ms)[0m  [1m[34mSELECT  1 AS one FROM "users" WHERE LOWER("users"."email") = LOWER(?) LIMIT ?[0m  [["email", "treso@gmail.com"], ["LIMIT", 1]]
  ↳ app/controllers/users_controller.rb:16
  [1m[35m (0.1ms)[0m  [1m[31mrollback transaction[0m
  ↳ app/controllers/users_controller.rb:16
  Rendering users/new.html.erb within layouts/application
  Rendered shared/_error_message.html.erb (2.4ms)
  Rendered users/new.html.erb within layouts/application (31.0ms)
  Rendered layouts/_header.html.erb (38.4ms)
  Rendered layouts/_footer.html.erb (0.8ms)
Completed 200 OK in 231ms (Views: 109.0ms | ActiveRecord: 0.6ms)


Started GET "/users/new" for 127.0.0.1 at 2019-12-27 11:15:02 +0200
Processing by UsersController#new as HTML
  Rendering users/new.html.erb within layouts/application
  Rendered shared/_error_message.html.erb (15.5ms)
  Rendered users/new.html.erb within layouts/application (1117.3ms)
  Rendered layouts/_header.html.erb (203.1ms)
  Rendered layouts/_footer.html.erb (272.5ms)
Completed 200 OK in 10871ms (Views: 8912.4ms | ActiveRecord: 0.0ms)


Started GET "/users" for 127.0.0.1 at 2019-12-27 11:23:40 +0200
  
AbstractController::ActionNotFound (The action 'index' could not be found for UsersController):
  
actionpack (5.2.4) lib/abstract_controller/base.rb:129:in `process'
actionview (5.2.4) lib/action_view/rendering.rb:32:in `process'
actionpack (5.2.4) lib/action_controller/metal.rb:191:in `dispatch'
actionpack (5.2.4) lib/action_controller/metal.rb:252:in `dispatch'
actionpack (5.2.4) lib/action_dispatch/routing/route_set.rb:52:in `dispatch'
actionpack (5.2.4) lib/action_dispatch/routing/route_set.rb:34:in `serve'
actionpack (5.2.4) lib/action_dispatch/journey/router.rb:52:in `block in serve'
actionpack (5.2.4) lib/action_dispatch/journey/router.rb:35:in `each'
actionpack (5.2.4) lib/action_dispatch/journey/router.rb:35:in `serve'
actionpack (5.2.4) lib/action_dispatch/routing/route_set.rb:840:in `call'
rack (2.0.7) lib/rack/tempfile_reaper.rb:15:in `call'
rack (2.0.7) lib/rack/etag.rb:25:in `call'
rack (2.0.7) lib/rack/conditional_get.rb:25:in `call'
rack (2.0.7) lib/rack/head.rb:12:in `call'
actionpack (5.2.4) lib/action_dispatch/http/content_security_policy.rb:18:in `call'
rack (2.0.7) lib/rack/session/abstract/id.rb:232:in `context'
rack (2.0.7) lib/rack/session/abstract/id.rb:226:in `call'
actionpack (5.2.4) lib/action_dispatch/middleware/cookies.rb:670:in `call'
activerecord (5.2.4) lib/active_record/migration.rb:559:in `call'
actionpack (5.2.4) lib/action_dispatch/middleware/callbacks.rb:28:in `block in call'
activesupport (5.2.4) lib/active_support/callbacks.rb:98:in `run_callbacks'
actionpack (5.2.4) lib/action_dispatch/middleware/callbacks.rb:26:in `call'
actionpack (5.2.4) lib/action_dispatch/middleware/executor.rb:14:in `call'
actionpack (5.2.4) lib/action_dispatch/middleware/debug_exceptions.rb:61:in `call'
web-console (3.7.0) lib/web_console/middleware.rb:135:in `call_app'
web-console (3.7.0) lib/web_console/middleware.rb:30:in `block in call'
web-console (3.7.0) lib/web_console/middleware.rb:20:in `catch'
web-console (3.7.0) lib/web_console/middleware.rb:20:in `call'
actionpack (5.2.4) lib/action_dispatch/middleware/show_exceptions.rb:33:in `call'
railties (5.2.4) lib/rails/rack/logger.rb:38:in `call_app'
railties (5.2.4) lib/rails/rack/logger.rb:26:in `block in call'
activesupport (5.2.4) lib/active_support/tagged_logging.rb:71:in `block in tagged'
activesupport (5.2.4) lib/active_support/tagged_logging.rb:28:in `tagged'
activesupport (5.2.4) lib/active_support/tagged_logging.rb:71:in `tagged'
railties (5.2.4) lib/rails/rack/logger.rb:26:in `call'
sprockets-rails (3.2.1) lib/sprockets/rails/quiet_assets.rb:13:in `call'
actionpack (5.2.4) lib/action_dispatch/middleware/remote_ip.rb:81:in `call'
actionpack (5.2.4) lib/action_dispatch/middleware/request_id.rb:27:in `call'
rack (2.0.7) lib/rack/method_override.rb:22:in `call'
rack (2.0.7) lib/rack/runtime.rb:22:in `call'
activesupport (5.2.4) lib/active_support/cache/strategy/local_cache_middleware.rb:29:in `call'
actionpack (5.2.4) lib/action_dispatch/middleware/executor.rb:14:in `call'
actionpack (5.2.4) lib/action_dispatch/middleware/static.rb:127:in `call'
rack (2.0.7) lib/rack/sendfile.rb:111:in `call'
railties (5.2.4) lib/rails/engine.rb:524:in `call'
puma (3.12.2) lib/puma/configuration.rb:227:in `call'
puma (3.12.2) lib/puma/server.rb:674:in `handle_request'
puma (3.12.2) lib/puma/server.rb:476:in `process_client'
puma (3.12.2) lib/puma/server.rb:334:in `block in run'
puma (3.12.2) lib/puma/thread_pool.rb:135:in `block in spawn_thread'
Started GET "/signup" for 127.0.0.1 at 2019-12-27 11:24:02 +0200
Processing by UsersController#new as HTML
  Rendering users/new.html.erb within layouts/application
  Rendered shared/_error_message.html.erb (1.4ms)
  Rendered users/new.html.erb within layouts/application (49.2ms)
  Rendered layouts/_header.html.erb (2.4ms)
  Rendered layouts/_footer.html.erb (42.3ms)
Completed 200 OK in 1034ms (Views: 481.4ms | ActiveRecord: 9.7ms)


Started POST "/users" for 127.0.0.1 at 2019-12-27 11:25:02 +0200
Processing by UsersController#create as HTML
  Parameters: {"utf8"=>"✓", "authenticity_token"=>"qCgeeSg7+noVcKO1bUCOmCjHQlkN10NnffdW8JdYF/Tc0jTKY/Wmp/Z/mUfpuKBFwnhzDPr2N2FVt5KkC8giHA==", "user"=>{"name"=>"aubin", "email"=>"aubin@gmail.com", "password"=>"[FILTERED]", "password_confirmation"=>"[FILTERED]"}, "commit"=>"Create my account"}
  [1m[35m (107.5ms)[0m  [1m[36mbegin transaction[0m
  ↳ app/controllers/users_controller.rb:16
  [1m[36mUser Exists (0.2ms)[0m  [1m[34mSELECT  1 AS one FROM "users" WHERE LOWER("users"."email") = LOWER(?) LIMIT ?[0m  [["email", "aubin@gmail.com"], ["LIMIT", 1]]
  ↳ app/controllers/users_controller.rb:16
  [1m[36mUser Create (0.4ms)[0m  [1m[32mINSERT INTO "users" ("name", "email", "created_at", "updated_at", "password_digest") VALUES (?, ?, ?, ?, ?)[0m  [["name", "aubin"], ["email", "aubin@gmail.com"], ["created_at", "2019-12-27 09:25:03.327789"], ["updated_at", "2019-12-27 09:25:03.327789"], ["password_digest", "$2a$10$I6bnyxcvvX42NmDuWFnRWu0GNZLOiqdjnRsVs/0n9wb61Y8RROPTy"]]
  ↳ app/controllers/users_controller.rb:16
  [1m[35m (1036.2ms)[0m  [1m[36mcommit transaction[0m
  ↳ app/controllers/users_controller.rb:16
Redirected to http://localhost:3000/users/6
Completed 302 Found in 2504ms (ActiveRecord: 1144.4ms)


Started GET "/users/6" for 127.0.0.1 at 2019-12-27 11:25:05 +0200
Processing by UsersController#show as HTML
  Parameters: {"id"=>"6"}
  [1m[36mUser Load (0.3ms)[0m  [1m[34mSELECT  "users".* FROM "users" WHERE "users"."id" = ? LIMIT ?[0m  [["id", 6], ["LIMIT", 1]]
  ↳ app/controllers/users_controller.rb:11
  Rendering users/show.html.erb within layouts/application
  Rendered users/show.html.erb within layouts/application (244.0ms)
  Rendered layouts/_header.html.erb (0.7ms)
  Rendered layouts/_footer.html.erb (0.5ms)
Completed 200 OK in 1066ms (Views: 286.4ms | ActiveRecord: 0.3ms)


Started GET "/signup" for 127.0.0.1 at 2019-12-27 11:26:16 +0200
Processing by UsersController#new as HTML
  Rendering users/new.html.erb within layouts/application
  Rendered shared/_error_message.html.erb (0.6ms)
  Rendered users/new.html.erb within layouts/application (4.9ms)
  Rendered layouts/_header.html.erb (33.8ms)
  Rendered layouts/_footer.html.erb (1.0ms)
Completed 200 OK in 4479ms (Views: 4017.2ms | ActiveRecord: 141.5ms)


Started POST "/users" for 127.0.0.1 at 2019-12-27 11:26:40 +0200
Processing by UsersController#create as HTML
  Parameters: {"utf8"=>"✓", "authenticity_token"=>"PGy6NMfBIHUU+UUr55OcscsMyCG/+wfeibeBb+EGSLpIlpCHjA98qPf2f9lja7JsIbP5dEjac9ih90U7fZZ9Ug==", "user"=>{"name"=>"aubin", "email"=>"aubin@gmail.com", "password"=>"[FILTERED]", "password_confirmation"=>"[FILTERED]"}, "commit"=>"Create my account"}
  [1m[35m (0.1ms)[0m  [1m[36mbegin transaction[0m
  ↳ app/controllers/users_controller.rb:16
  [1m[36mUser Exists (0.6ms)[0m  [1m[34mSELECT  1 AS one FROM "users" WHERE LOWER("users"."email") = LOWER(?) LIMIT ?[0m  [["email", "aubin@gmail.com"], ["LIMIT", 1]]
  ↳ app/controllers/users_controller.rb:16
  [1m[35m (0.2ms)[0m  [1m[31mrollback transaction[0m
  ↳ app/controllers/users_controller.rb:16
  Rendering users/new.html.erb within layouts/application
  Rendered shared/_error_message.html.erb (41.5ms)
  Rendered users/new.html.erb within layouts/application (53.8ms)
  Rendered layouts/_header.html.erb (39.4ms)
  Rendered layouts/_footer.html.erb (302.8ms)
Completed 200 OK in 2701ms (Views: 2441.5ms | ActiveRecord: 0.9ms)


Started POST "/users" for 127.0.0.1 at 2019-12-27 11:27:04 +0200
Processing by UsersController#create as HTML
  Parameters: {"utf8"=>"✓", "authenticity_token"=>"RfATaprqBcqJExGDYUXHu91Uz5OCaJo2TFIHOhY+j3gxCjnZ0SRZF2ocK3HlvelmN+v+xnVJ7jBkEsNuiq66kA==", "user"=>{"name"=>"aubin", "email"=>"aubina@gmail.com", "password"=>"[FILTERED]", "password_confirmation"=>"[FILTERED]"}, "commit"=>"Create my account"}
  [1m[35m (0.1ms)[0m  [1m[36mbegin transaction[0m
  ↳ app/controllers/users_controller.rb:16
  [1m[36mUser Exists (11.2ms)[0m  [1m[34mSELECT  1 AS one FROM "users" WHERE LOWER("users"."email") = LOWER(?) LIMIT ?[0m  [["email", "aubina@gmail.com"], ["LIMIT", 1]]
  ↳ app/controllers/users_controller.rb:16
  [1m[36mUser Create (7.4ms)[0m  [1m[32mINSERT INTO "users" ("name", "email", "created_at", "updated_at", "password_digest") VALUES (?, ?, ?, ?, ?)[0m  [["name", "aubin"], ["email", "aubina@gmail.com"], ["created_at", "2019-12-27 09:27:05.247866"], ["updated_at", "2019-12-27 09:27:05.247866"], ["password_digest", "$2a$10$n5iJleqrIyx4/8aexAc/sePyL/0Q6MjO53LoC3Rvk9mzeHHFq0hCm"]]
  ↳ app/controllers/users_controller.rb:16
  [1m[35m (68.4ms)[0m  [1m[36mcommit transaction[0m
  ↳ app/controllers/users_controller.rb:16
Redirected to http://localhost:3000/users/7
Completed 302 Found in 692ms (ActiveRecord: 87.1ms)


Started GET "/users/7" for 127.0.0.1 at 2019-12-27 11:27:05 +0200
Processing by UsersController#show as HTML
  Parameters: {"id"=>"7"}
  [1m[36mUser Load (0.4ms)[0m  [1m[34mSELECT  "users".* FROM "users" WHERE "users"."id" = ? LIMIT ?[0m  [["id", 7], ["LIMIT", 1]]
  ↳ app/controllers/users_controller.rb:11
  Rendering users/show.html.erb within layouts/application
  Rendered users/show.html.erb within layouts/application (1.0ms)
  Rendered layouts/_header.html.erb (2.3ms)
  Rendered layouts/_footer.html.erb (4.6ms)
Completed 200 OK in 2457ms (Views: 2256.8ms | ActiveRecord: 0.4ms)


Started GET "/users/7" for 127.0.0.1 at 2019-12-27 12:30:37 +0200
Processing by UsersController#show as HTML
  Parameters: {"id"=>"7"}
  [1m[36mUser Load (0.6ms)[0m  [1m[34mSELECT  "users".* FROM "users" WHERE "users"."id" = ? LIMIT ?[0m  [["id", 7], ["LIMIT", 1]]
  ↳ app/controllers/users_controller.rb:11
  Rendering users/show.html.erb within layouts/application
  Rendered users/show.html.erb within layouts/application (113.8ms)
  Rendered layouts/_header.html.erb (3.1ms)
  Rendered layouts/_footer.html.erb (4.3ms)
Completed 200 OK in 1903ms (Views: 1749.7ms | ActiveRecord: 0.6ms)


Started GET "/about" for 127.0.0.1 at 2019-12-27 12:30:48 +0200
Processing by StaticPagesController#about as HTML
  Rendering static_pages/about.html.erb within layouts/application
  Rendered static_pages/about.html.erb within layouts/application (22.1ms)
  Rendered layouts/_header.html.erb (1.3ms)
  Rendered layouts/_footer.html.erb (32.1ms)
Completed 200 OK in 1542ms (Views: 1504.8ms | ActiveRecord: 0.0ms)


Started GET "/users/5" for 127.0.0.1 at 2019-12-27 12:31:09 +0200
Processing by UsersController#show as HTML
  Parameters: {"id"=>"5"}
  [1m[36mUser Load (0.3ms)[0m  [1m[34mSELECT  "users".* FROM "users" WHERE "users"."id" = ? LIMIT ?[0m  [["id", 5], ["LIMIT", 1]]
  ↳ app/controllers/users_controller.rb:11
  Rendering users/show.html.erb within layouts/application
  Rendered users/show.html.erb within layouts/application (1.3ms)
  Rendered layouts/_header.html.erb (1.8ms)
  Rendered layouts/_footer.html.erb (2.0ms)
Completed 200 OK in 204ms (Views: 198.1ms | ActiveRecord: 0.3ms)


Started GET "/users/5.email" for 127.0.0.1 at 2019-12-27 12:31:16 +0200
Processing by UsersController#show as 
  Parameters: {"id"=>"5"}
  [1m[36mUser Load (0.2ms)[0m  [1m[34mSELECT  "users".* FROM "users" WHERE "users"."id" = ? LIMIT ?[0m  [["id", 5], ["LIMIT", 1]]
  ↳ app/controllers/users_controller.rb:11
  Rendering users/show.html.erb within layouts/application
  Rendered users/show.html.erb within layouts/application (0.8ms)
  Rendered layouts/_header.html.erb (25.8ms)
  Rendered layouts/_footer.html.erb (0.9ms)
Completed 200 OK in 315ms (Views: 278.2ms | ActiveRecord: 0.2ms)


Started GET "/signup" for 127.0.0.1 at 2019-12-27 12:39:01 +0200
Processing by UsersController#new as HTML
  Rendering users/new.html.erb within layouts/application
  Rendered shared/_error_message.html.erb (34.7ms)
  Rendered users/new.html.erb within layouts/application (126.5ms)
  Rendered layouts/_header.html.erb (35.1ms)
  Rendered layouts/_footer.html.erb (7.4ms)
Completed 200 OK in 650ms (Views: 614.8ms | ActiveRecord: 0.0ms)


  [1m[35m (0.2ms)[0m  [1m[34mSELECT "schema_migrations"."version" FROM "schema_migrations" ORDER BY "schema_migrations"."version" ASC[0m
  ↳ bin/rails:9
  [1m[35m (0.2ms)[0m  [1m[34mSELECT "ar_internal_metadata"."value" FROM "ar_internal_metadata" WHERE "ar_internal_metadata"."key" = ?[0m  [["key", "environment"]]
  ↳ bin/rails:9
  [1m[35m (0.1ms)[0m  [1m[34mSELECT "schema_migrations"."version" FROM "schema_migrations" ORDER BY "schema_migrations"."version" ASC[0m
  ↳ bin/rails:9
  [1m[35m (0.1ms)[0m  [1m[34mSELECT "ar_internal_metadata"."value" FROM "ar_internal_metadata" WHERE "ar_internal_metadata"."key" = ?[0m  [["key", "environment"]]
  ↳ bin/rails:9
  [1m[35m (0.1ms)[0m  [1m[34mSELECT "schema_migrations"."version" FROM "schema_migrations" ORDER BY "schema_migrations"."version" ASC[0m
  ↳ bin/rails:9
  [1m[35m (0.4ms)[0m  [1m[34mSELECT "ar_internal_metadata"."value" FROM "ar_internal_metadata" WHERE "ar_internal_metadata"."key" = ?[0m  [["key", "environment"]]
  ↳ bin/rails:9
  [1m[35m (0.3ms)[0m  [1m[34mSELECT sqlite_version(*)[0m
  ↳ bin/rails:9
  [1m[35m (276.0ms)[0m  [1m[35mCREATE TABLE "schema_migrations" ("version" varchar NOT NULL PRIMARY KEY)[0m
  ↳ bin/rails:9
  [1m[35m (195.1ms)[0m  [1m[35mCREATE TABLE "ar_internal_metadata" ("key" varchar NOT NULL PRIMARY KEY, "value" varchar, "created_at" datetime NOT NULL, "updated_at" datetime NOT NULL)[0m
  ↳ bin/rails:9
  [1m[35m (0.3ms)[0m  [1m[34mSELECT "schema_migrations"."version" FROM "schema_migrations" ORDER BY "schema_migrations"."version" ASC[0m
  ↳ bin/rails:9
Migrating to CreateUsers (20191225094436)
  [1m[35m (0.1ms)[0m  [1m[36mbegin transaction[0m
  ↳ bin/rails:9
  [1m[35m (1.2ms)[0m  [1m[35mCREATE TABLE "users" ("id" integer PRIMARY KEY AUTOINCREMENT NOT NULL, "name" varchar, "email" varchar, "created_at" datetime NOT NULL, "updated_at" datetime NOT NULL)[0m
  ↳ db/migrate/20191225094436_create_users.rb:3
  [1m[36mActiveRecord::SchemaMigration Create (0.4ms)[0m  [1m[32mINSERT INTO "schema_migrations" ("version") VALUES (?)[0m  [["version", "20191225094436"]]
  ↳ bin/rails:9
  [1m[35m (157.3ms)[0m  [1m[36mcommit transaction[0m
  ↳ bin/rails:9
Migrating to AddIndexToUsersEmail (20191225112857)
  [1m[35m (0.1ms)[0m  [1m[36mbegin transaction[0m
  ↳ bin/rails:9
  [1m[35m (1.1ms)[0m  [1m[35mCREATE UNIQUE INDEX "index_users_on_email" ON "users" ("email")[0m
  ↳ db/migrate/20191225112857_add_index_to_users_email.rb:3
  [1m[36mActiveRecord::SchemaMigration Create (0.4ms)[0m  [1m[32mINSERT INTO "schema_migrations" ("version") VALUES (?)[0m  [["version", "20191225112857"]]
  ↳ bin/rails:9
  [1m[35m (206.0ms)[0m  [1m[36mcommit transaction[0m
  ↳ bin/rails:9
Migrating to AddPasswordDigestToUsers (20191225141853)
  [1m[35m (0.1ms)[0m  [1m[36mbegin transaction[0m
  ↳ bin/rails:9
  [1m[35m (0.6ms)[0m  [1m[35mALTER TABLE "users" ADD "password_digest" varchar[0m
  ↳ db/migrate/20191225141853_add_password_digest_to_users.rb:3
  [1m[36mActiveRecord::SchemaMigration Create (0.4ms)[0m  [1m[32mINSERT INTO "schema_migrations" ("version") VALUES (?)[0m  [["version", "20191225141853"]]
  ↳ bin/rails:9
  [1m[35m (117.7ms)[0m  [1m[36mcommit transaction[0m
  ↳ bin/rails:9
  [1m[36mActiveRecord::InternalMetadata Load (0.6ms)[0m  [1m[34mSELECT  "ar_internal_metadata".* FROM "ar_internal_metadata" WHERE "ar_internal_metadata"."key" = ? LIMIT ?[0m  [["key", "environment"], ["LIMIT", 1]]
  ↳ bin/rails:9
  [1m[35m (0.1ms)[0m  [1m[36mbegin transaction[0m
  ↳ bin/rails:9
  [1m[36mActiveRecord::InternalMetadata Create (0.6ms)[0m  [1m[32mINSERT INTO "ar_internal_metadata" ("key", "value", "created_at", "updated_at") VALUES (?, ?, ?, ?)[0m  [["key", "environment"], ["value", "development"], ["created_at", "2019-12-27 10:41:09.959065"], ["updated_at", "2019-12-27 10:41:09.959065"]]
  ↳ bin/rails:9
  [1m[35m (204.9ms)[0m  [1m[36mcommit transaction[0m
  ↳ bin/rails:9
  [1m[35m (0.2ms)[0m  [1m[34mSELECT "schema_migrations"."version" FROM "schema_migrations" ORDER BY "schema_migrations"."version" ASC[0m
  ↳ bin/rails:9
Started GET "/signup" for 127.0.0.1 at 2019-12-27 12:41:33 +0200
Processing by UsersController#new as HTML
  Rendering users/new.html.erb within layouts/application
  Rendered shared/_error_message.html.erb (0.8ms)
  Rendered users/new.html.erb within layouts/application (17.7ms)
  Rendered layouts/_header.html.erb (12.6ms)
  Rendered layouts/_footer.html.erb (1.5ms)
Completed 200 OK in 393ms (Views: 280.2ms | ActiveRecord: 9.6ms)


Started GET "/signup" for 127.0.0.1 at 2019-12-27 12:42:11 +0200
Processing by UsersController#new as HTML
  Rendering users/new.html.erb within layouts/application
  Rendered shared/_error_message.html.erb (28.8ms)
  Rendered users/new.html.erb within layouts/application (38.0ms)
  Rendered layouts/_header.html.erb (1.5ms)
  Rendered layouts/_footer.html.erb (12.4ms)
Completed 200 OK in 625ms (Views: 171.5ms | ActiveRecord: 0.0ms)


  [1m[36mUser Load (0.7ms)[0m  [1m[34mSELECT  "users".* FROM "users" LIMIT ?[0m  [["LIMIT", 11]]
Started POST "/users" for 127.0.0.1 at 2019-12-27 12:44:29 +0200
Processing by UsersController#create as HTML
  Parameters: {"utf8"=>"✓", "authenticity_token"=>"GsoNZbyAV1R6dr5hiBwoSwpS0nfLBWvv4/1SG/uo2GluMCfW904LiZl5hJMM5AaW4O3jIjwkH+nLvZZPZzjtgQ==", "user"=>{"name"=>"Rails tutorial", "email"=>"example@railstutorial.org", "password"=>"[FILTERED]", "password_confirmation"=>"[FILTERED]"}, "commit"=>"Create my account"}
  [1m[35m (0.1ms)[0m  [1m[36mbegin transaction[0m
  ↳ app/controllers/users_controller.rb:16
  [1m[36mUser Exists (0.5ms)[0m  [1m[34mSELECT  1 AS one FROM "users" WHERE LOWER("users"."email") = LOWER(?) LIMIT ?[0m  [["email", "example@railstutorial.org"], ["LIMIT", 1]]
  ↳ app/controllers/users_controller.rb:16
  [1m[36mUser Create (0.4ms)[0m  [1m[32mINSERT INTO "users" ("name", "email", "created_at", "updated_at", "password_digest") VALUES (?, ?, ?, ?, ?)[0m  [["name", "Rails tutorial"], ["email", "example@railstutorial.org"], ["created_at", "2019-12-27 10:44:29.332118"], ["updated_at", "2019-12-27 10:44:29.332118"], ["password_digest", "$2a$10$yHfNIg1qgrVVPCwv1SUnBe3i5PXSIzKL8sNvC96J46IUsr/kECVHC"]]
  ↳ app/controllers/users_controller.rb:16
  [1m[35m (136.8ms)[0m  [1m[36mcommit transaction[0m
  ↳ app/controllers/users_controller.rb:16
Redirected to http://localhost:3000/users/1
Completed 302 Found in 322ms (ActiveRecord: 137.8ms)


Started GET "/users/1" for 127.0.0.1 at 2019-12-27 12:44:29 +0200
Processing by UsersController#show as HTML
  Parameters: {"id"=>"1"}
  [1m[36mUser Load (0.6ms)[0m  [1m[34mSELECT  "users".* FROM "users" WHERE "users"."id" = ? LIMIT ?[0m  [["id", 1], ["LIMIT", 1]]
  ↳ app/controllers/users_controller.rb:11
  Rendering users/show.html.erb within layouts/application
  Rendered users/show.html.erb within layouts/application (0.7ms)
  Rendered layouts/_header.html.erb (10.8ms)
  Rendered layouts/_footer.html.erb (0.6ms)
Completed 200 OK in 567ms (Views: 539.5ms | ActiveRecord: 0.6ms)


